[2024-11-12T11:56:12.819518800] Account: 100-0.4852208225110045, Type: DEPOSIT, Amount: 400
[2024-11-13T16:02:04.577737400] Account: 400-0.2021387602098439, Type: DEPOSIT, Amount: 300
[2024-11-13T16:40:38.721492600] Account: 255-0.43628661770584265, Type: DEPOSIT, Amount: 100
[2024-11-13T16:41:43.851244900] Account: 100-0.7362607460419512, Type: DEPOSIT, Amount: 300
[2024-11-13T16:42:55.620236800] Account: 400-0.9789889526179841, Type: DEPOSIT, Amount: 100
[2024-11-13T16:46:52.685226100] Account: 401-0.887388701797811, Type: DEPOSIT, Amount: 100
[2024-11-13T16:47:40.761510100] Account: 401-0.887388701797811, Type: DEPOSIT, Amount: 55
[2024-11-13T16:47:40.762510100] Account: 401-0.887388701797811, Type: DEPOSIT, Amount: 55
[2024-11-13T16:54:52.842311800] Account: 101-0.1414992304570727, Type: DEPOSIT, Amount: 400
[2024-11-13T16:55:05.354507600] Account: 401-0.27863503653606103, Type: WITHDRAW, Amount: 55
[2024-11-13T16:55:05.355507500] Account: 401-0.27863503653606103, Type: WITHDRAW, Amount: 55
[2024-11-13T16:56:01.561165200] Account: 101-0.1414992304570727, Type: DEPOSIT, Amount: 1000
[2024-11-13T16:56:01.561165200] Account: 101-0.1414992304570727, Type: DEPOSIT, Amount: 1000
[2024-11-13T16:56:01.561165200] Account: 101-0.1414992304570727, Type: DEPOSIT, Amount: 1000
[2024-11-13T16:56:11.293664700] Account: 401-0.27863503653606103, Type: WITHDRAW, Amount: 500
[2024-11-13T16:56:11.293664700] Account: 401-0.27863503653606103, Type: WITHDRAW, Amount: 500
[2024-11-13T16:56:11.293664700] Account: 401-0.27863503653606103, Type: WITHDRAW, Amount: 500
[2024-11-13T16:56:11.293664700] Account: 401-0.27863503653606103, Type: WITHDRAW, Amount: 500
[2024-11-13T17:48:56.991338500] Account: 100-0.4430728668429973, Type: DEPOSIT, Amount: 100
[2024-11-13T17:48:56.991338500] Account: 200-0.10125629089354016, Type: WITHDRAW, Amount: 100
[2024-11-13T17:48:56.991338500] Account: 100-0.4430728668429973, Type: DEPOSIT, Amount: 100
[2024-11-13T17:48:56.992570400] Account: 200-0.10125629089354016, Type: TRANSFER_OUT, Amount: 100
[2024-11-13T17:48:56.992570400] Account: 200-0.10125629089354016, Type: TRANSFER_OUT, Amount: 100
[2024-11-13T17:48:56.992570400] Account: 200-0.10125629089354016, Type: TRANSFER_OUT, Amount: 100
[2024-11-13T17:48:56.993158300] Account: 100-0.4430728668429973, Type: TRANSFER_IN, Amount: 100
[2024-11-13T17:48:56.993158300] Account: 100-0.4430728668429973, Type: TRANSFER_IN, Amount: 100
[2024-11-13T17:48:56.993158300] Account: 100-0.4430728668429973, Type: TRANSFER_IN, Amount: 100
[2024-11-13T17:48:56.993158300] Account: 100-0.4430728668429973, Type: TRANSFER_IN, Amount: 100
[2024-11-13T18:14:31.970783700] Account: 2000-0.553136649943941, Type: WITHDRAW, Amount: 15000000
[2024-11-13T18:24:42.194332900] Account: 100-0.5524901123034377, Type: DEPOSIT, Amount: 100
[2024-11-13T18:24:47.729062200] Account: 100-0.5524901123034377, Type: WITHDRAW, Amount: 100
[2024-11-13T18:24:47.729062200] Account: 100-0.5524901123034377, Type: WITHDRAW, Amount: 100
[2024-11-13T22:14:00.477532700] Account: 1234-0.8879929013468209, Type: DEPOSIT, Amount: 100000
[2024-11-13T22:17:14.538776900] Account: 1234-0.39251719016493136, Type: DEPOSIT, Amount: 1000
[2024-11-13T22:18:19.729645800] Account: 1234-0.4825322612353641, Type: DEPOSIT, Amount: 20
[2024-11-13T22:18:25.756458800] Account: 1234-0.4825322612353641, Type: WITHDRAW, Amount: 60
[2024-11-13T22:18:25.756458800] Account: 1234-0.4825322612353641, Type: WITHDRAW, Amount: 60
[2024-11-13T22:34:29.841941600] Account: 1234-0.6554582711806306, Type: TRANSFER_OUT, Amount: 1242
[2024-11-13T22:34:34.009653700] Account: 2, Type: TRANSFER_IN, Amount: 1242
[2024-11-13T22:34:37.291421800] Account: 2, Type: TRANSFER_IN, Amount: 1242
[2024-11-13T22:34:44.924061300] Account: 1234-0.6554582711806306, Type: WITHDRAW, Amount: 1242
[2024-11-13T22:34:44.924061300] Account: 1234-0.6554582711806306, Type: WITHDRAW, Amount: 1242
[2024-11-13T22:34:44.924061300] Account: 1234-0.6554582711806306, Type: WITHDRAW, Amount: 1242
[2024-11-13T22:36:37.795878700] Account: 1234-0.6554582711806306, Type: TRANSFER_OUT, Amount: 58
[2024-11-13T22:36:38.271538400] Account: 1234-0.6554582711806306, Type: TRANSFER_OUT, Amount: 58
[2024-11-13T22:36:38.272537800] Account: 1234-0.6554582711806306, Type: TRANSFER_OUT, Amount: 58
[2024-11-13T22:36:38.272537800] Account: 1234-0.6554582711806306, Type: TRANSFER_OUT, Amount: 58
[2024-11-13T22:36:38.665398500] Account: 58, Type: TRANSFER_IN, Amount: 58
[2024-11-13T22:36:38.666399300] Account: 58, Type: TRANSFER_IN, Amount: 58
[2024-11-13T22:36:38.674753300] Account: 1234-0.6554582711806306, Type: WITHDRAW, Amount: 58
[2024-11-13T22:36:38.689644700] Account: 1234-0.6554582711806306, Type: WITHDRAW, Amount: 58
[2024-11-13T22:36:38.689644700] Account: 1234-0.6554582711806306, Type: WITHDRAW, Amount: 58
[2024-11-13T22:36:38.690650200] Account: 1234-0.6554582711806306, Type: WITHDRAW, Amount: 58
[2024-11-13T22:36:38.690650200] Account: 1234-0.6554582711806306, Type: WITHDRAW, Amount: 58
[2024-11-13T22:36:38.690650200] Account: 1234-0.6554582711806306, Type: WITHDRAW, Amount: 58
[2024-11-13T22:37:23.880243900] Account: 1234-0.6554582711806306, Type: TRANSFER_OUT, Amount: 700
[2024-11-13T22:37:23.884498500] Account: 1234-0.6554582711806306, Type: TRANSFER_OUT, Amount: 700
[2024-11-13T22:37:23.885498300] Account: 1234-0.6554582711806306, Type: TRANSFER_OUT, Amount: 700
[2024-11-13T22:37:39.690131200] Account: 1234-0.6554582711806306, Type: TRANSFER_OUT, Amount: 700
[2024-11-13T22:37:39.691130500] Account: 1234-0.6554582711806306, Type: WITHDRAW, Amount: 700
[2024-11-13T22:37:39.692042100] Account: 1234-0.6554582711806306, Type: WITHDRAW, Amount: 700
[2024-11-13T22:37:39.692042100] Account: 1234-0.6554582711806306, Type: WITHDRAW, Amount: 700
[2024-11-13T22:37:39.692042100] Account: 1234-0.6554582711806306, Type: WITHDRAW, Amount: 700
[2024-11-13T22:37:39.692042100] Account: 1234-0.6554582711806306, Type: WITHDRAW, Amount: 700
[2024-11-13T22:37:39.692042100] Account: 1234-0.6554582711806306, Type: WITHDRAW, Amount: 700
[2024-11-13T22:37:39.695327400] Account: 1234-0.6554582711806306, Type: WITHDRAW, Amount: 700
[2024-11-13T22:37:39.697331900] Account: 1234-0.6554582711806306, Type: WITHDRAW, Amount: 700
[2024-11-13T22:38:15.704454500] Account: 1234-0.6554582711806306, Type: WITHDRAW, Amount: 50
[2024-11-13T22:38:15.704454500] Account: 1234-0.6554582711806306, Type: WITHDRAW, Amount: 50
[2024-11-13T22:38:15.704454500] Account: 1234-0.6554582711806306, Type: WITHDRAW, Amount: 50
[2024-11-13T22:38:15.705868400] Account: 1234-0.6554582711806306, Type: WITHDRAW, Amount: 50
[2024-11-13T22:38:15.705868400] Account: 1234-0.6554582711806306, Type: WITHDRAW, Amount: 50
[2024-11-13T22:38:15.705868400] Account: 1234-0.6554582711806306, Type: WITHDRAW, Amount: 50
[2024-11-13T22:38:15.705868400] Account: 1234-0.6554582711806306, Type: WITHDRAW, Amount: 50
[2024-11-13T22:38:15.706877100] Account: 1234-0.6554582711806306, Type: WITHDRAW, Amount: 50
[2024-11-13T22:38:15.706877100] Account: 1234-0.6554582711806306, Type: WITHDRAW, Amount: 50
[2024-11-13T22:38:29.999748500] Account: 1234-0.6554582711806306, Type: TRANSFER_OUT, Amount: 50
[2024-11-13T22:38:30.001749] Account: 1234-0.6554582711806306, Type: TRANSFER_OUT, Amount: 50
[2024-11-13T22:38:30.002363600] Account: 1234-0.6554582711806306, Type: TRANSFER_OUT, Amount: 50
[2024-11-13T22:38:30.002363600] Account: 1234-0.6554582711806306, Type: TRANSFER_OUT, Amount: 50
[2024-11-13T22:38:30.003369500] Account: 1234-0.6554582711806306, Type: TRANSFER_OUT, Amount: 50
[2024-11-13T22:38:30.003369500] Account: 1234-0.6554582711806306, Type: TRANSFER_OUT, Amount: 50
[2024-11-13T22:38:30.003369500] Account: 1234-0.6554582711806306, Type: TRANSFER_OUT, Amount: 50
[2024-11-13T22:38:35.867463200] Account: 1234-0.6554582711806306, Type: TRANSFER_OUT, Amount: 50
[2024-11-13T22:38:35.869461600] Account: 1234-0.6554582711806306, Type: TRANSFER_OUT, Amount: 50
[2024-11-13T22:38:35.870461700] Account: 1234-0.6554582711806306, Type: TRANSFER_OUT, Amount: 50
[2024-11-13T22:38:35.872462400] Account: 1234-0.6554582711806306, Type: WITHDRAW, Amount: 50
[2024-11-13T22:38:55.187955700] Account: 1234-0.6554582711806306, Type: WITHDRAW, Amount: 50
[2024-11-13T22:38:55.189955400] Account: 1234-0.6554582711806306, Type: WITHDRAW, Amount: 50
[2024-11-13T22:38:55.189955400] Account: 1234-0.6554582711806306, Type: WITHDRAW, Amount: 50
[2024-11-13T22:38:55.190955600] Account: 1234-0.6554582711806306, Type: WITHDRAW, Amount: 50
[2024-11-13T22:38:55.192956400] Account: 1234-0.6554582711806306, Type: WITHDRAW, Amount: 50
[2024-11-13T22:38:55.192956400] Account: 1234-0.6554582711806306, Type: WITHDRAW, Amount: 50
[2024-11-13T22:38:55.192956400] Account: 1234-0.6554582711806306, Type: WITHDRAW, Amount: 50
[2024-11-13T22:38:55.194081400] Account: 1234-0.6554582711806306, Type: WITHDRAW, Amount: 50
[2024-11-13T22:38:55.194081400] Account: 1234-0.6554582711806306, Type: WITHDRAW, Amount: 50
[2024-11-13T22:38:55.194081400] Account: 1234-0.6554582711806306, Type: WITHDRAW, Amount: 50
[2024-11-13T22:40:02.095769300] Account: 1234-0.6353218249254987, Type: TRANSFER_OUT, Amount: 222
[2024-11-13T22:40:02.103372100] Account: 4, Type: TRANSFER_IN, Amount: 222
[2024-11-13T22:40:07.759110] Account: 4, Type: TRANSFER_IN, Amount: 222
[2024-11-13T22:40:18.690539] Account: 1234-0.6353218249254987, Type: WITHDRAW, Amount: 222
[2024-11-13T22:40:18.690539] Account: 1234-0.6353218249254987, Type: WITHDRAW, Amount: 222
[2024-11-13T22:40:18.690539] Account: 1234-0.6353218249254987, Type: WITHDRAW, Amount: 222
[2024-11-13T22:47:01.391494] Account: 1234-0.7488442285569242, Type: TRANSFER_OUT, Amount: 100
[2024-11-13T22:47:01.392493800] Account: 5, Type: TRANSFER_IN, Amount: 100
[2024-11-13T22:47:01.392493800] Account: 5, Type: TRANSFER_IN, Amount: 100
[2024-11-13T22:47:13.019845800] Account: 1234-0.7488442285569242, Type: WITHDRAW, Amount: 100
[2024-11-13T22:47:13.019845800] Account: 1234-0.7488442285569242, Type: WITHDRAW, Amount: 100
[2024-11-13T22:47:13.019845800] Account: 1234-0.7488442285569242, Type: WITHDRAW, Amount: 100
[2024-11-13T22:48:20.052370700] Account: 1234-0.7488442285569242, Type: TRANSFER_OUT, Amount: 55
[2024-11-13T22:48:20.053377] Account: 1234-0.7488442285569242, Type: TRANSFER_OUT, Amount: 55
[2024-11-13T22:48:20.055371900] Account: 1234-0.7488442285569242, Type: TRANSFER_OUT, Amount: 55
[2024-11-13T22:48:20.056371] Account: 1234-0.7488442285569242, Type: TRANSFER_OUT, Amount: 55
[2024-11-13T22:48:20.056371] Account: 2, Type: TRANSFER_IN, Amount: 55
[2024-11-13T22:48:20.056371] Account: 2, Type: TRANSFER_IN, Amount: 55
[2024-11-13T22:48:20.056371] Account: 2, Type: TRANSFER_IN, Amount: 55
[2024-11-13T22:48:20.056371] Account: 2, Type: TRANSFER_IN, Amount: 55
[2024-11-13T22:48:20.057371700] Account: 2, Type: TRANSFER_IN, Amount: 55
[2024-11-13T22:48:20.077950800] Account: 1234-0.7488442285569242, Type: WITHDRAW, Amount: 55
[2024-11-13T22:48:20.078564900] Account: 1234-0.7488442285569242, Type: WITHDRAW, Amount: 55
[2024-11-13T22:48:20.078564900] Account: 1234-0.7488442285569242, Type: WITHDRAW, Amount: 55
[2024-11-13T22:48:20.079686] Account: 1234-0.7488442285569242, Type: WITHDRAW, Amount: 55
[2024-11-13T22:48:20.079686] Account: 1234-0.7488442285569242, Type: WITHDRAW, Amount: 55
[2024-11-13T22:48:20.079686] Account: 1234-0.7488442285569242, Type: WITHDRAW, Amount: 55
[2024-11-13T22:49:30.626521900] Account: 1234-0.7488442285569242, Type: TRANSFER_OUT, Amount: 100
[2024-11-13T22:49:30.645731200] Account: 1234-0.7488442285569242, Type: TRANSFER_OUT, Amount: 100
[2024-11-13T22:49:30.647791100] Account: 1234-0.7488442285569242, Type: TRANSFER_OUT, Amount: 100
[2024-11-13T22:49:30.649738700] Account: 1234-0.7488442285569242, Type: TRANSFER_OUT, Amount: 100
[2024-11-13T22:49:30.649738700] Account: 1234-0.7488442285569242, Type: TRANSFER_OUT, Amount: 100
[2024-11-13T22:49:30.650752400] Account: 1234-0.7488442285569242, Type: TRANSFER_OUT, Amount: 100
[2024-11-13T22:49:30.651760400] Account: 1234-0.7488442285569242, Type: TRANSFER_OUT, Amount: 100
[2024-11-13T22:49:30.652761300] Account: 3, Type: TRANSFER_IN, Amount: 100
[2024-11-13T22:49:30.652761300] Account: 3, Type: TRANSFER_IN, Amount: 100
[2024-11-13T22:49:30.653761] Account: 3, Type: TRANSFER_IN, Amount: 100
[2024-11-13T22:49:30.653761] Account: 3, Type: TRANSFER_IN, Amount: 100
[2024-11-13T22:49:30.658711400] Account: 3, Type: TRANSFER_IN, Amount: 100
[2024-11-13T22:49:30.658711400] Account: 3, Type: TRANSFER_IN, Amount: 100
[2024-11-13T22:49:30.659717300] Account: 3, Type: TRANSFER_IN, Amount: 100
[2024-11-13T22:49:30.660716200] Account: 3, Type: TRANSFER_IN, Amount: 100
[2024-11-13T22:49:40.651359300] Account: 1234-0.7488442285569242, Type: WITHDRAW, Amount: 100
[2024-11-13T22:49:40.652359400] Account: 1234-0.7488442285569242, Type: WITHDRAW, Amount: 100
[2024-11-13T22:49:40.653407] Account: 1234-0.7488442285569242, Type: WITHDRAW, Amount: 100
[2024-11-13T22:49:40.653407] Account: 1234-0.7488442285569242, Type: WITHDRAW, Amount: 100
[2024-11-13T22:49:40.653407] Account: 1234-0.7488442285569242, Type: WITHDRAW, Amount: 100
[2024-11-13T22:49:40.654394600] Account: 1234-0.7488442285569242, Type: WITHDRAW, Amount: 100
[2024-11-13T22:49:40.654394600] Account: 1234-0.7488442285569242, Type: WITHDRAW, Amount: 100
[2024-11-13T22:49:40.654394600] Account: 1234-0.7488442285569242, Type: WITHDRAW, Amount: 100
[2024-11-13T22:49:40.654394600] Account: 1234-0.7488442285569242, Type: WITHDRAW, Amount: 100
[2024-11-13T22:50:45.921847300] Account: 1234-0.7488442285569242, Type: TRANSFER_OUT, Amount: 236
[2024-11-13T22:50:45.922845900] Account: 1234-0.7488442285569242, Type: TRANSFER_OUT, Amount: 236
[2024-11-13T22:50:45.922845900] Account: 1234-0.7488442285569242, Type: TRANSFER_OUT, Amount: 236
[2024-11-13T22:50:45.923845900] Account: 1234-0.7488442285569242, Type: TRANSFER_OUT, Amount: 236
[2024-11-13T22:50:45.923845900] Account: 1234-0.7488442285569242, Type: TRANSFER_OUT, Amount: 236
[2024-11-13T22:50:45.924844900] Account: 1234-0.7488442285569242, Type: TRANSFER_OUT, Amount: 236
[2024-11-13T22:50:45.924844900] Account: 1234-0.7488442285569242, Type: TRANSFER_OUT, Amount: 236
[2024-11-13T22:50:45.924844900] Account: 1234-0.7488442285569242, Type: TRANSFER_OUT, Amount: 236
[2024-11-13T22:50:45.924844900] Account: 1234-0.7488442285569242, Type: TRANSFER_OUT, Amount: 236
[2024-11-13T22:50:45.925844900] Account: 1234-0.7488442285569242, Type: TRANSFER_OUT, Amount: 236
[2024-11-13T22:52:13.036312400] Account: 1234-0.7488442285569242, Type: TRANSFER_OUT, Amount: 236
[2024-11-13T22:52:13.049437100] Account: 1234-0.7488442285569242, Type: WITHDRAW, Amount: 236
[2024-11-13T22:52:13.074460700] Account: 1234-0.7488442285569242, Type: WITHDRAW, Amount: 236
[2024-11-13T22:52:13.074460700] Account: 1234-0.7488442285569242, Type: WITHDRAW, Amount: 236
[2024-11-13T22:52:13.075464400] Account: 1234-0.7488442285569242, Type: WITHDRAW, Amount: 236
[2024-11-13T22:52:13.075464400] Account: 1234-0.7488442285569242, Type: WITHDRAW, Amount: 236
[2024-11-13T22:52:13.075464400] Account: 1234-0.7488442285569242, Type: WITHDRAW, Amount: 236
[2024-11-13T22:52:13.075464400] Account: 1234-0.7488442285569242, Type: WITHDRAW, Amount: 236
[2024-11-13T22:52:13.075464400] Account: 1234-0.7488442285569242, Type: WITHDRAW, Amount: 236
[2024-11-13T22:52:13.076464] Account: 1234-0.7488442285569242, Type: WITHDRAW, Amount: 236
[2024-11-13T22:52:13.076464] Account: 1234-0.7488442285569242, Type: WITHDRAW, Amount: 236
[2024-11-13T22:52:13.076464] Account: 1234-0.7488442285569242, Type: WITHDRAW, Amount: 236
[2024-11-13T22:52:13.076464] Account: 1234-0.7488442285569242, Type: WITHDRAW, Amount: 236
[2024-11-13T23:03:47.418242800] Account: 1234-0.46027314087636606, Type: TRANSFER_OUT, Amount: 145
[2024-11-13T23:03:47.421306500] Account: 5, Type: TRANSFER_IN, Amount: 145
[2024-11-13T23:03:51.622703600] Account: 5, Type: TRANSFER_IN, Amount: 145
[2024-11-13T23:03:59.887956300] Account: 1234-0.46027314087636606, Type: WITHDRAW, Amount: 145
[2024-11-13T23:03:59.887956300] Account: 1234-0.46027314087636606, Type: WITHDRAW, Amount: 145
[2024-11-13T23:03:59.890874400] Account: 1234-0.46027314087636606, Type: WITHDRAW, Amount: 145
[2024-11-13T23:04:20.475635900] Account: 1234-0.46027314087636606, Type: TRANSFER_OUT, Amount: 40
[2024-11-13T23:04:20.486635200] Account: 1234-0.46027314087636606, Type: TRANSFER_OUT, Amount: 40
[2024-11-13T23:04:22.451643800] Account: 1234-0.46027314087636606, Type: TRANSFER_OUT, Amount: 40
[2024-11-13T23:04:22.452665400] Account: 1234-0.46027314087636606, Type: TRANSFER_OUT, Amount: 40
[2024-11-13T23:04:22.452665400] Account: 7, Type: TRANSFER_IN, Amount: 40
[2024-11-13T23:04:22.452665400] Account: 7, Type: TRANSFER_IN, Amount: 40
[2024-11-13T23:04:22.453542] Account: 7, Type: TRANSFER_IN, Amount: 40
[2024-11-13T23:04:22.454880600] Account: 7, Type: TRANSFER_IN, Amount: 40
[2024-11-13T23:04:27.134533900] Account: 1234-0.46027314087636606, Type: WITHDRAW, Amount: 40
[2024-11-13T23:04:27.135533800] Account: 1234-0.46027314087636606, Type: WITHDRAW, Amount: 40
[2024-11-13T23:04:50.990509200] Account: 1234-0.46027314087636606, Type: WITHDRAW, Amount: 40
[2024-11-13T23:04:51.004082500] Account: 1234-0.46027314087636606, Type: WITHDRAW, Amount: 40
[2024-11-13T23:04:51.005082300] Account: 1234-0.46027314087636606, Type: WITHDRAW, Amount: 40
[2024-11-13T23:04:51.008974700] Account: 1234-0.46027314087636606, Type: WITHDRAW, Amount: 40
[2024-11-13T23:05:27.811735] Account: 1234-0.5285215456139678, Type: TRANSFER_OUT, Amount: 214
[2024-11-13T23:05:28.726584800] Account: 5, Type: TRANSFER_IN, Amount: 214
[2024-11-13T23:05:28.727421800] Account: 5, Type: TRANSFER_IN, Amount: 214
[2024-11-13T23:05:31.471480800] Account: 1234-0.5285215456139678, Type: WITHDRAW, Amount: 214
[2024-11-13T23:05:31.471480800] Account: 1234-0.5285215456139678, Type: WITHDRAW, Amount: 214
[2024-11-13T23:05:31.471480800] Account: 1234-0.5285215456139678, Type: WITHDRAW, Amount: 214
[2024-11-15T12:45:53.094680600] Account: 1001-0.3370133186551564, Type: DEPOSIT, Amount: 10
[2024-11-15T12:46:02.265147700] Account: 1001-0.3370133186551564, Type: WITHDRAW, Amount: 20
[2024-11-15T12:46:02.265147700] Account: 1001-0.3370133186551564, Type: WITHDRAW, Amount: 20
[2024-11-15T12:46:18.353597700] Account: 400-0.20448397580508804, Type: DEPOSIT, Amount: 5000
[2024-11-15T12:46:18.353597700] Account: 400-0.20448397580508804, Type: DEPOSIT, Amount: 5000
[2024-11-15T12:46:18.353597700] Account: 400-0.20448397580508804, Type: DEPOSIT, Amount: 5000
[2024-11-15T12:46:24.538556300] Account: 1001-0.3370133186551564, Type: WITHDRAW, Amount: 400
[2024-11-15T12:46:24.538556300] Account: 1001-0.3370133186551564, Type: WITHDRAW, Amount: 400
[2024-11-15T12:46:24.538556300] Account: 1001-0.3370133186551564, Type: WITHDRAW, Amount: 400
[2024-11-15T12:46:24.538556300] Account: 1001-0.3370133186551564, Type: WITHDRAW, Amount: 400
[2024-11-15T12:48:13.064339300] Account: 1001-0.3370133186551564, Type: TRANSFER_OUT, Amount: 800
[2024-11-15T12:48:13.080079900] Account: 1001-0.3370133186551564, Type: WITHDRAW, Amount: 800
[2024-11-15T12:48:13.080079900] Account: 1001-0.3370133186551564, Type: WITHDRAW, Amount: 800
[2024-11-15T12:48:13.080079900] Account: 1001-0.3370133186551564, Type: WITHDRAW, Amount: 800
[2024-11-15T12:48:13.080079900] Account: 1001-0.3370133186551564, Type: WITHDRAW, Amount: 800
[2024-11-15T12:48:13.080079900] Account: 1001-0.3370133186551564, Type: WITHDRAW, Amount: 800
[2024-11-15T12:48:13.080079900] Account: 1001-0.3370133186551564, Type: WITHDRAW, Amount: 800
[2024-11-15T12:48:13.080079900] Account: 400-0.20448397580508804, Type: DEPOSIT, Amount: 800
[2024-11-15T12:48:13.080079900] Account: 400-0.20448397580508804, Type: DEPOSIT, Amount: 800
[2024-11-15T12:48:13.425428200] Account: 400-0.20448397580508804, Type: DEPOSIT, Amount: 800
[2024-11-15T12:48:13.435680700] Account: 400-0.20448397580508804, Type: DEPOSIT, Amount: 800
[2024-11-15T12:48:13.435680700] Account: 400-0.20448397580508804, Type: DEPOSIT, Amount: 800
[2024-11-15T12:48:13.438694500] Account: 400-0.20448397580508804, Type: DEPOSIT, Amount: 800
[2024-11-15T12:48:13.438694500] Account: 400-0.20448397580508804, Type: DEPOSIT, Amount: 800
[2024-11-15T12:48:45.235600500] Account: 400-0.20448397580508804, Type: WITHDRAW, Amount: 800
[2024-11-15T12:48:45.235600500] Account: 400-0.20448397580508804, Type: WITHDRAW, Amount: 800
[2024-11-15T12:48:45.235600500] Account: 400-0.20448397580508804, Type: WITHDRAW, Amount: 800
[2024-11-15T12:48:45.243107] Account: 400-0.20448397580508804, Type: WITHDRAW, Amount: 800
[2024-11-15T12:48:46.662507800] Account: 400-0.20448397580508804, Type: WITHDRAW, Amount: 800
[2024-11-15T12:48:46.662507800] Account: 400-0.20448397580508804, Type: WITHDRAW, Amount: 800
[2024-11-15T12:48:53.225452900] Account: 400-0.20448397580508804, Type: WITHDRAW, Amount: 800
[2024-11-15T12:48:53.225452900] Account: 1001-0.3370133186551564, Type: DEPOSIT, Amount: 800
[2024-11-15T12:48:53.225452900] Account: 400-0.20448397580508804, Type: TRANSFER_OUT, Amount: 800
[2024-11-15T12:48:53.225452900] Account: 1001-0.3370133186551564, Type: DEPOSIT, Amount: 800
[2024-11-15T12:48:54.983945900] Account: 1001-0.3370133186551564, Type: DEPOSIT, Amount: 800
[2024-11-15T12:49:08.107901500] Account: 1001-0.3370133186551564, Type: DEPOSIT, Amount: 800
[2024-11-15T12:49:08.107901500] Account: 1001-0.3370133186551564, Type: DEPOSIT, Amount: 800
[2024-11-15T12:49:08.107901500] Account: 1001-0.3370133186551564, Type: DEPOSIT, Amount: 800
[2024-11-15T12:49:08.107901500] Account: 1001-0.3370133186551564, Type: DEPOSIT, Amount: 800
[2024-11-15T12:49:08.107901500] Account: 1001-0.3370133186551564, Type: DEPOSIT, Amount: 800
[2024-11-15T12:49:08.107901500] Account: 1001-0.3370133186551564, Type: DEPOSIT, Amount: 800
[2024-11-15T12:49:08.107901500] Account: 1001-0.3370133186551564, Type: DEPOSIT, Amount: 800
[2024-11-15T12:49:36.138617900] Account: 400-0.20448397580508804, Type: TRANSFER_OUT, Amount: 10
[2024-11-15T12:49:36.143613200] Account: 400-0.20448397580508804, Type: WITHDRAW, Amount: 10
[2024-11-15T12:49:36.146969600] Account: 400-0.20448397580508804, Type: WITHDRAW, Amount: 10
[2024-11-15T12:49:36.146969600] Account: 400-0.20448397580508804, Type: WITHDRAW, Amount: 10
[2024-11-15T12:49:36.146969600] Account: 400-0.20448397580508804, Type: WITHDRAW, Amount: 10
[2024-11-15T12:49:36.146969600] Account: 400-0.20448397580508804, Type: WITHDRAW, Amount: 10
[2024-11-15T12:49:36.147567] Account: 400-0.20448397580508804, Type: WITHDRAW, Amount: 10
[2024-11-15T12:49:36.147567] Account: 400-0.20448397580508804, Type: WITHDRAW, Amount: 10
[2024-11-15T12:49:36.147567] Account: 400-0.20448397580508804, Type: WITHDRAW, Amount: 10
[2024-11-15T12:49:36.147567] Account: 400-0.20448397580508804, Type: WITHDRAW, Amount: 10
[2024-11-15T12:49:36.147567] Account: 400-0.20448397580508804, Type: WITHDRAW, Amount: 10
[2024-11-15T12:49:36.147567] Account: 400-0.20448397580508804, Type: WITHDRAW, Amount: 10
[2024-11-15T12:49:36.147567] Account: 400-0.20448397580508804, Type: WITHDRAW, Amount: 10
[2024-11-15T12:49:36.728197100] Account: 1001-0.3370133186551564, Type: DEPOSIT, Amount: 10
[2024-11-15T12:49:36.728197100] Account: 1001-0.3370133186551564, Type: DEPOSIT, Amount: 10
[2024-11-15T12:49:36.728197100] Account: 1001-0.3370133186551564, Type: DEPOSIT, Amount: 10
[2024-11-15T12:49:36.728197100] Account: 1001-0.3370133186551564, Type: DEPOSIT, Amount: 10
[2024-11-15T12:49:36.728197100] Account: 1001-0.3370133186551564, Type: DEPOSIT, Amount: 10
[2024-11-15T12:49:36.728197100] Account: 1001-0.3370133186551564, Type: DEPOSIT, Amount: 10
[2024-11-15T12:49:36.728197100] Account: 1001-0.3370133186551564, Type: DEPOSIT, Amount: 10
[2024-11-15T12:49:36.728197100] Account: 1001-0.3370133186551564, Type: DEPOSIT, Amount: 10
[2024-11-15T12:49:36.728197100] Account: 1001-0.3370133186551564, Type: DEPOSIT, Amount: 10
[2024-11-15T12:49:36.728197100] Account: 1001-0.3370133186551564, Type: DEPOSIT, Amount: 10
[2024-11-15T12:49:36.728197100] Account: 1001-0.3370133186551564, Type: DEPOSIT, Amount: 10
[2024-11-15T12:49:36.728197100] Account: 1001-0.3370133186551564, Type: DEPOSIT, Amount: 10
[2024-11-15T12:49:36.728197100] Account: 1001-0.3370133186551564, Type: DEPOSIT, Amount: 10
[2024-11-15T13:26:23.153163900] Account: 10-0.7451716600478486, Type: DEPOSIT, Amount: 10
[2024-11-15T13:26:32.414508200] Account: 2000-0.18624070955988903, Type: WITHDRAW, Amount: 50
[2024-11-15T13:26:32.417016800] Account: 2000-0.18624070955988903, Type: WITHDRAW, Amount: 50
[2024-11-15T13:27:04.643709800] Account: 2000-0.18624070955988903, Type: WITHDRAW, Amount: 50
[2024-11-15T13:27:04.643709800] Account: 2000-0.18624070955988903, Type: WITHDRAW, Amount: 50
[2024-11-15T13:27:04.643709800] Account: 2000-0.18624070955988903, Type: WITHDRAW, Amount: 50
[2024-11-15T13:27:04.643709800] Account: 2000-0.18624070955988903, Type: TRANSFER_OUT, Amount: 50
[2024-11-15T13:27:04.643709800] Account: 2000-0.18624070955988903, Type: TRANSFER_OUT, Amount: 50
[2024-11-15T13:27:04.643709800] Account: 2000-0.18624070955988903, Type: TRANSFER_OUT, Amount: 50
[2024-11-15T13:27:04.643709800] Account: 2000-0.18624070955988903, Type: TRANSFER_OUT, Amount: 50
[2024-11-15T13:27:05.210430400] Account: 50, Type: TRANSFER_IN, Amount: 50
[2024-11-15T13:27:05.210430400] Account: 50, Type: TRANSFER_IN, Amount: 50
[2024-11-15T13:27:05.210430400] Account: 50, Type: TRANSFER_IN, Amount: 50
[2024-11-15T13:27:05.210430400] Account: 50, Type: TRANSFER_IN, Amount: 50
[2024-11-15T13:27:05.210430400] Account: 50, Type: TRANSFER_IN, Amount: 50
[2024-11-15T13:27:35.113913100] Account: 10-0.7451716600478486, Type: WITHDRAW, Amount: 10
[2024-11-15T13:27:35.113913100] Account: 10-0.7451716600478486, Type: WITHDRAW, Amount: 10
[2024-11-15T13:27:35.124356800] Account: 10-0.7451716600478486, Type: TRANSFER_OUT, Amount: 10
[2024-11-15T13:27:35.128309400] Account: 10-0.7451716600478486, Type: TRANSFER_OUT, Amount: 10
[2024-11-15T13:27:35.131202700] Account: 10-0.7451716600478486, Type: TRANSFER_OUT, Amount: 10
[2024-11-15T13:27:35.142376800] Account: 10-0.7451716600478486, Type: TRANSFER_OUT, Amount: 10
[2024-11-15T13:27:35.142376800] Account: 10-0.7451716600478486, Type: TRANSFER_OUT, Amount: 10
[2024-11-15T13:27:35.142376800] Account: 10-0.7451716600478486, Type: TRANSFER_OUT, Amount: 10
[2024-11-15T13:27:35.142376800] Account: 10-0.7451716600478486, Type: TRANSFER_OUT, Amount: 10
[2024-11-15T13:27:44.462591800] Account: 4, Type: TRANSFER_IN, Amount: 10
[2024-11-15T13:27:59.631928500] Account: 4, Type: TRANSFER_IN, Amount: 10
[2024-11-15T13:28:00.821024] Account: 4, Type: TRANSFER_IN, Amount: 10
[2024-11-15T13:28:00.821024] Account: 4, Type: TRANSFER_IN, Amount: 10
[2024-11-15T13:28:00.821024] Account: 4, Type: TRANSFER_IN, Amount: 10
[2024-11-15T13:28:00.821024] Account: 10-0.7451716600478486, Type: WITHDRAW, Amount: 10
[2024-11-15T13:28:00.821024] Account: 10-0.7451716600478486, Type: WITHDRAW, Amount: 10
[2024-11-15T13:28:00.821024] Account: 10-0.7451716600478486, Type: WITHDRAW, Amount: 10
[2024-11-15T13:28:00.821024] Account: 10-0.7451716600478486, Type: WITHDRAW, Amount: 10
[2024-11-15T13:28:00.821024] Account: 10-0.7451716600478486, Type: WITHDRAW, Amount: 10
[2024-11-15T13:28:00.821024] Account: 10-0.7451716600478486, Type: WITHDRAW, Amount: 10
[2024-11-15T13:28:00.821024] Account: 10-0.7451716600478486, Type: WITHDRAW, Amount: 10
[2024-11-15T13:28:00.821024] Account: 10-0.7451716600478486, Type: WITHDRAW, Amount: 10
[2024-11-15T13:28:00.821024] Account: 10-0.7451716600478486, Type: WITHDRAW, Amount: 10
[2024-11-15T13:32:27.146562400] Account: 10-0.3028389002369106, Type: DEPOSIT, Amount: 10
[2024-11-15T13:34:36.889834] Account: 10-0.3028389002369106, Type: WITHDRAW, Amount: 10
[2024-11-15T13:34:36.889834] Account: 10-0.3028389002369106, Type: WITHDRAW, Amount: 10
[2024-11-15T13:35:26.452200600] Account: 10-0.3028389002369106, Type: WITHDRAW, Amount: 10
[2024-11-15T13:35:26.452200600] Account: 10-0.3028389002369106, Type: WITHDRAW, Amount: 10
[2024-11-15T13:35:26.452200600] Account: 10-0.3028389002369106, Type: WITHDRAW, Amount: 10
[2024-11-15T13:36:11.590955800] Account: 10-0.3028389002369106, Type: TRANSFER_OUT, Amount: 10
[2024-11-15T13:36:11.590955800] Account: 10-0.3028389002369106, Type: TRANSFER_OUT, Amount: 10
[2024-11-15T13:36:11.590955800] Account: 10-0.3028389002369106, Type: TRANSFER_OUT, Amount: 10
[2024-11-15T13:36:11.595634300] Account: 10-0.3028389002369106, Type: TRANSFER_OUT, Amount: 10
[2024-11-15T13:36:12.043688700] Account: 2, Type: TRANSFER_IN, Amount: 10
[2024-11-15T13:36:12.043688700] Account: 2, Type: TRANSFER_IN, Amount: 10
[2024-11-15T13:36:12.043688700] Account: 2, Type: TRANSFER_IN, Amount: 10
[2024-11-15T13:36:12.043688700] Account: 2, Type: TRANSFER_IN, Amount: 10
[2024-11-15T13:36:12.043688700] Account: 2, Type: TRANSFER_IN, Amount: 10
[2024-11-15T13:47:13.639222500] Account: 10-0.3028389002369106, Type: WITHDRAW, Amount: 10
[2024-11-15T13:47:13.639222500] Account: 10-0.3028389002369106, Type: WITHDRAW, Amount: 10
[2024-11-15T13:47:13.639222500] Account: 10-0.3028389002369106, Type: WITHDRAW, Amount: 10
[2024-11-15T13:47:18.052302300] Account: 10-0.3028389002369106, Type: TRANSFER_OUT, Amount: 10
[2024-11-15T13:47:18.081592600] Account: 10-0.3028389002369106, Type: TRANSFER_OUT, Amount: 10
[2024-11-15T13:47:18.087863900] Account: 10-0.3028389002369106, Type: TRANSFER_OUT, Amount: 10
[2024-11-15T13:47:18.095373200] Account: 10-0.3028389002369106, Type: TRANSFER_OUT, Amount: 10
[2024-11-15T13:47:18.095373200] Account: 10-0.3028389002369106, Type: TRANSFER_OUT, Amount: 10
[2024-11-15T13:47:18.095373200] Account: 10-0.3028389002369106, Type: TRANSFER_OUT, Amount: 10
[2024-11-15T13:47:18.098413900] Account: 10-0.3028389002369106, Type: TRANSFER_OUT, Amount: 10
[2024-11-15T13:47:24.356088500] Account: 2, Type: TRANSFER_IN, Amount: 10
[2024-11-15T13:47:24.356088500] Account: 2, Type: TRANSFER_IN, Amount: 10
[2024-11-15T13:47:24.356088500] Account: 2, Type: TRANSFER_IN, Amount: 10
[2024-11-15T13:47:24.356088500] Account: 2, Type: TRANSFER_IN, Amount: 10
[2024-11-15T13:47:24.356088500] Account: 2, Type: TRANSFER_IN, Amount: 10
[2024-11-15T13:47:24.356088500] Account: 2, Type: TRANSFER_IN, Amount: 10
[2024-11-15T13:47:24.356088500] Account: 2, Type: TRANSFER_IN, Amount: 10
[2024-11-15T13:47:24.356088500] Account: 2, Type: TRANSFER_IN, Amount: 10
[2024-11-15T13:49:09.234623700] Account: 10-0.3028389002369106, Type: TRANSFER_OUT, Amount: 10
[2024-11-15T13:49:14.788075100] Account: 10-0.3028389002369106, Type: TRANSFER_OUT, Amount: 10
[2024-11-15T13:49:19.212901600] Account: 10-0.3028389002369106, Type: TRANSFER_OUT, Amount: 10
[2024-11-15T13:49:19.212901600] Account: 10-0.3028389002369106, Type: TRANSFER_OUT, Amount: 10
[2024-11-15T13:49:19.212901600] Account: 10-0.3028389002369106, Type: TRANSFER_OUT, Amount: 10
[2024-11-15T13:49:19.212901600] Account: 10-0.3028389002369106, Type: TRANSFER_OUT, Amount: 10
[2024-11-15T13:49:19.212901600] Account: 10-0.3028389002369106, Type: TRANSFER_OUT, Amount: 10
[2024-11-15T13:49:19.212901600] Account: 10-0.3028389002369106, Type: TRANSFER_OUT, Amount: 10
[2024-11-15T13:49:19.212901600] Account: 10-0.3028389002369106, Type: TRANSFER_OUT, Amount: 10
[2024-11-15T13:49:19.212901600] Account: 3, Type: TRANSFER_IN, Amount: 10
[2024-11-15T13:49:19.212901600] Account: 3, Type: TRANSFER_IN, Amount: 10
[2024-11-15T13:49:19.212901600] Account: 3, Type: TRANSFER_IN, Amount: 10
[2024-11-15T13:49:19.212901600] Account: 3, Type: TRANSFER_IN, Amount: 10
[2024-11-15T13:49:19.212901600] Account: 3, Type: TRANSFER_IN, Amount: 10
[2024-11-15T13:49:19.212901600] Account: 3, Type: TRANSFER_IN, Amount: 10
[2024-11-15T13:49:19.212901600] Account: 3, Type: TRANSFER_IN, Amount: 10
[2024-11-15T13:49:19.212901600] Account: 3, Type: TRANSFER_IN, Amount: 10
[2024-11-15T13:49:19.212901600] Account: 3, Type: TRANSFER_IN, Amount: 10
[2024-11-15T13:49:19.212901600] Account: 3, Type: TRANSFER_IN, Amount: 10
[2024-11-15T13:49:19.212901600] Account: 10-0.3028389002369106, Type: WITHDRAW, Amount: 10
[2024-11-15T13:49:19.212901600] Account: 10-0.3028389002369106, Type: WITHDRAW, Amount: 10
[2024-11-15T13:49:19.212901600] Account: 10-0.3028389002369106, Type: WITHDRAW, Amount: 10
[2024-11-15T13:49:19.212901600] Account: 10-0.3028389002369106, Type: WITHDRAW, Amount: 10
[2024-11-15T13:49:19.212901600] Account: 10-0.3028389002369106, Type: WITHDRAW, Amount: 10
[2024-11-15T13:49:19.212901600] Account: 10-0.3028389002369106, Type: WITHDRAW, Amount: 10
[2024-11-15T13:49:19.212901600] Account: 10-0.3028389002369106, Type: WITHDRAW, Amount: 10
[2024-11-15T13:49:19.212901600] Account: 10-0.3028389002369106, Type: WITHDRAW, Amount: 10
[2024-11-15T13:49:19.212901600] Account: 10-0.3028389002369106, Type: WITHDRAW, Amount: 10
[2024-11-15T13:49:19.212901600] Account: 10-0.3028389002369106, Type: WITHDRAW, Amount: 10
[2024-11-15T13:49:19.212901600] Account: 10-0.3028389002369106, Type: WITHDRAW, Amount: 10
[2024-11-15T13:50:58.922694400] Account: 100-0.5525184331266294, Type: TRANSFER_OUT, Amount: 10
[2024-11-15T13:50:58.922694400] Account: 6, Type: TRANSFER_IN, Amount: 10
[2024-11-15T13:50:58.922694400] Account: 6, Type: TRANSFER_IN, Amount: 10
[2024-11-15T13:52:00.188967100] Account: 100-0.5525184331266294, Type: TRANSFER_OUT, Amount: 20
[2024-11-15T13:52:00.794485700] Account: 100-0.5525184331266294, Type: TRANSFER_OUT, Amount: 20
[2024-11-15T13:52:00.794485700] Account: 100-0.5525184331266294, Type: TRANSFER_OUT, Amount: 20
[2024-11-15T13:52:00.794485700] Account: 2, Type: TRANSFER_IN, Amount: 20
[2024-11-15T13:52:00.794485700] Account: 2, Type: TRANSFER_IN, Amount: 20
[2024-11-15T13:52:00.810404100] Account: 2, Type: TRANSFER_IN, Amount: 20
[2024-11-15T13:52:00.810404100] Account: 2, Type: TRANSFER_IN, Amount: 20
[2024-11-15T13:52:00.837062200] Account: 100-0.5525184331266294, Type: WITHDRAW, Amount: 20
[2024-11-15T13:52:00.837062200] Account: 100-0.5525184331266294, Type: WITHDRAW, Amount: 20
[2024-11-15T13:52:00.837062200] Account: 100-0.5525184331266294, Type: WITHDRAW, Amount: 20
[2024-11-15T13:52:00.837062200] Account: 100-0.5525184331266294, Type: WITHDRAW, Amount: 20
[2024-11-15T13:52:00.837062200] Account: 100-0.5525184331266294, Type: WITHDRAW, Amount: 20
[2024-11-15T15:50:40.417618400] Account: 10-0.5843178092199078, Type: TRANSFER_OUT, Amount: 20
[2024-11-15T15:50:43.604157700] Account: 6, Type: TRANSFER_IN, Amount: 20
[2024-11-15T15:50:43.604157700] Account: 6, Type: TRANSFER_IN, Amount: 20
[2024-11-15T15:50:44.702365900] Account: 10-0.5843178092199078, Type: WITHDRAW, Amount: 20
[2024-11-15T15:50:44.702365900] Account: 10-0.5843178092199078, Type: WITHDRAW, Amount: 20
[2024-11-15T15:50:44.702365900] Account: 10-0.5843178092199078, Type: WITHDRAW, Amount: 20
[2024-11-15T15:55:39.060908900] Account: 100-0.4210525381534751, Type: TRANSFER_OUT, Amount: 100
[2024-11-15T15:55:39.512289800] Account: 3, Type: TRANSFER_IN, Amount: 100
[2024-11-15T15:55:39.512289800] Account: 3, Type: TRANSFER_IN, Amount: 100
[2024-11-15T15:55:41.872469800] Account: 100-0.4210525381534751, Type: WITHDRAW, Amount: 100
[2024-11-15T15:55:41.872469800] Account: 100-0.4210525381534751, Type: WITHDRAW, Amount: 100
[2024-11-15T15:55:41.872469800] Account: 100-0.4210525381534751, Type: WITHDRAW, Amount: 100
[2024-11-15T15:56:50.113022300] Account: 100-0.4210525381534751, Type: TRANSFER_OUT, Amount: 100
[2024-11-15T15:56:57.451919500] Account: 100-0.4210525381534751, Type: TRANSFER_OUT, Amount: 100
[2024-11-15T15:56:57.451919500] Account: 100-0.4210525381534751, Type: TRANSFER_OUT, Amount: 100
[2024-11-15T15:56:57.451919500] Account: 100-0.4210525381534751, Type: TRANSFER_OUT, Amount: 100
[2024-11-15T15:56:57.451919500] Account: 4, Type: TRANSFER_IN, Amount: 100
[2024-11-15T15:56:57.451919500] Account: 4, Type: TRANSFER_IN, Amount: 100
[2024-11-15T15:56:57.451919500] Account: 4, Type: TRANSFER_IN, Amount: 100
[2024-11-15T15:56:57.451919500] Account: 4, Type: TRANSFER_IN, Amount: 100
[2024-11-15T15:56:57.451919500] Account: 4, Type: TRANSFER_IN, Amount: 100
[2024-11-15T15:58:17.634643400] Account: 100-0.4210525381534751, Type: TRANSFER_OUT, Amount: 100
[2024-11-15T15:58:17.634643400] Account: 100-0.4210525381534751, Type: TRANSFER_OUT, Amount: 100
[2024-11-15T15:58:17.634643400] Account: 100-0.4210525381534751, Type: TRANSFER_OUT, Amount: 100
[2024-11-15T15:58:17.634643400] Account: 100-0.4210525381534751, Type: TRANSFER_OUT, Amount: 100
[2024-11-15T15:58:17.634643400] Account: 100-0.4210525381534751, Type: TRANSFER_OUT, Amount: 100
[2024-11-15T15:58:17.634643400] Account: 100-0.4210525381534751, Type: TRANSFER_OUT, Amount: 100
[2024-11-15T15:58:17.634643400] Account: 8, Type: TRANSFER_IN, Amount: 100
[2024-11-15T15:58:17.634643400] Account: 8, Type: TRANSFER_IN, Amount: 100
[2024-11-15T15:58:17.634643400] Account: 8, Type: TRANSFER_IN, Amount: 100
[2024-11-15T15:58:17.638172800] Account: 8, Type: TRANSFER_IN, Amount: 100
[2024-11-15T15:58:17.638172800] Account: 8, Type: TRANSFER_IN, Amount: 100
[2024-11-15T15:58:17.639592600] Account: 8, Type: TRANSFER_IN, Amount: 100
[2024-11-15T15:58:17.641851100] Account: 8, Type: TRANSFER_IN, Amount: 100
[2024-11-15T15:58:17.644601] Account: 100-0.4210525381534751, Type: WITHDRAW, Amount: 100
[2024-11-15T15:58:17.644601] Account: 100-0.4210525381534751, Type: WITHDRAW, Amount: 100
[2024-11-15T15:58:17.644601] Account: 100-0.4210525381534751, Type: WITHDRAW, Amount: 100
[2024-11-15T15:58:17.644601] Account: 100-0.4210525381534751, Type: WITHDRAW, Amount: 100
[2024-11-15T15:58:17.647220600] Account: 100-0.4210525381534751, Type: WITHDRAW, Amount: 100
[2024-11-15T15:58:17.647283800] Account: 100-0.4210525381534751, Type: WITHDRAW, Amount: 100
[2024-11-15T15:58:17.647283800] Account: 100-0.4210525381534751, Type: WITHDRAW, Amount: 100
[2024-11-15T15:58:17.647283800] Account: 100-0.4210525381534751, Type: WITHDRAW, Amount: 100
[2024-11-15T16:00:00.425589800] Account: 1000-0.8324540803164651, Type: TRANSFER_OUT, Amount: 1000
[2024-11-15T16:00:00.434099600] Account: 4, Type: TRANSFER_IN, Amount: 1000
[2024-11-15T16:00:00.438155] Account: 4, Type: TRANSFER_IN, Amount: 1000
[2024-11-15T16:00:09.272704900] Account: 1000-0.8324540803164651, Type: WITHDRAW, Amount: 1000
[2024-11-15T16:00:09.273700600] Account: 1000-0.8324540803164651, Type: WITHDRAW, Amount: 1000
[2024-11-15T16:00:09.273700600] Account: 1000-0.8324540803164651, Type: WITHDRAW, Amount: 1000
[2024-11-15T16:01:45.814312700] Account: 1000-0.8324540803164651, Type: TRANSFER_OUT, Amount: 2000
[2024-11-15T16:01:45.814312700] Account: 1000-0.8324540803164651, Type: TRANSFER_OUT, Amount: 2000
[2024-11-15T16:01:45.829940500] Account: 1000-0.8324540803164651, Type: TRANSFER_OUT, Amount: 2000
[2024-11-15T16:01:45.829940500] Account: 1000-0.8324540803164651, Type: TRANSFER_OUT, Amount: 2000
[2024-11-15T16:01:46.645031300] Account: 66, Type: TRANSFER_IN, Amount: 2000
[2024-11-15T16:01:46.645031300] Account: 66, Type: TRANSFER_IN, Amount: 2000
[2024-11-15T16:01:46.645031300] Account: 66, Type: TRANSFER_IN, Amount: 2000
[2024-11-15T16:01:46.645031300] Account: 66, Type: TRANSFER_IN, Amount: 2000
[2024-11-15T16:01:46.645031300] Account: 66, Type: TRANSFER_IN, Amount: 2000
[2024-11-15T16:04:21.702253800] Account: 100-0.5295740554322464, Type: TRANSFER_OUT, Amount: 100
[2024-11-15T16:04:21.704004900] Account: 5, Type: TRANSFER_IN, Amount: 100
[2024-11-15T16:04:21.824514700] Account: 5, Type: TRANSFER_IN, Amount: 100
[2024-11-15T16:04:21.909949800] Account: 100-0.5295740554322464, Type: WITHDRAW, Amount: 100
[2024-11-15T16:04:21.909949800] Account: 100-0.5295740554322464, Type: WITHDRAW, Amount: 100
[2024-11-15T16:04:21.909949800] Account: 100-0.5295740554322464, Type: WITHDRAW, Amount: 100
[2024-11-15T16:06:31.941478100] Account: 100-0.38737463063728217, Type: TRANSFER_OUT, Amount: 100
[2024-11-15T16:06:32.729750300] Account: 5, Type: TRANSFER_IN, Amount: 100
[2024-11-15T16:06:32.729750300] Account: 5, Type: TRANSFER_IN, Amount: 100
[2024-11-15T16:06:33.684083600] Account: 100-0.38737463063728217, Type: WITHDRAW, Amount: 100
[2024-11-15T16:06:33.685417200] Account: 100-0.38737463063728217, Type: WITHDRAW, Amount: 100
[2024-11-15T16:06:33.685417200] Account: 100-0.38737463063728217, Type: WITHDRAW, Amount: 100
[2024-11-15T16:09:23.409893100] Account: 100-0.37842654610207016, Type: TRANSFER_OUT, Amount: 100
[2024-11-15T16:09:23.411898400] Account: 2, Type: TRANSFER_IN, Amount: 100
[2024-11-15T16:09:23.418903600] Account: 2, Type: TRANSFER_IN, Amount: 100
[2024-11-15T16:09:24.431267200] Account: 100-0.37842654610207016, Type: TRANSFER_OUT, Amount: 100
[2024-11-15T16:09:24.432266900] Account: 100-0.37842654610207016, Type: TRANSFER_OUT, Amount: 100
[2024-11-15T16:09:24.439266100] Account: 100-0.37842654610207016, Type: TRANSFER_OUT, Amount: 100
[2024-11-15T16:09:24.439266100] Account: 2, Type: TRANSFER_IN, Amount: 100
[2024-11-15T16:09:24.440266] Account: 2, Type: TRANSFER_IN, Amount: 100
[2024-11-15T16:09:24.440266] Account: 2, Type: TRANSFER_IN, Amount: 100
[2024-11-15T16:09:24.440266] Account: 2, Type: TRANSFER_IN, Amount: 100
[2024-11-15T16:09:25.332061300] Account: 100-0.37842654610207016, Type: TRANSFER_OUT, Amount: 100
[2024-11-15T16:09:25.332061300] Account: 100-0.37842654610207016, Type: TRANSFER_OUT, Amount: 100
[2024-11-15T16:09:25.333520400] Account: 100-0.37842654610207016, Type: TRANSFER_OUT, Amount: 100
[2024-11-15T16:09:25.333520400] Account: 100-0.37842654610207016, Type: TRANSFER_OUT, Amount: 100
[2024-11-15T16:09:25.334526500] Account: 100-0.37842654610207016, Type: TRANSFER_OUT, Amount: 100
[2024-11-15T16:09:25.336526700] Account: 2, Type: TRANSFER_IN, Amount: 100
[2024-11-15T16:09:25.337526700] Account: 2, Type: TRANSFER_IN, Amount: 100
[2024-11-15T16:09:25.338527200] Account: 2, Type: TRANSFER_IN, Amount: 100
[2024-11-15T16:09:25.338527200] Account: 2, Type: TRANSFER_IN, Amount: 100
[2024-11-15T16:09:25.339526700] Account: 2, Type: TRANSFER_IN, Amount: 100
[2024-11-15T16:09:25.339526700] Account: 2, Type: TRANSFER_IN, Amount: 100
[2024-11-15T16:09:25.340526500] Account: 100-0.37842654610207016, Type: WITHDRAW, Amount: 100
[2024-11-15T16:09:25.341526500] Account: 100-0.37842654610207016, Type: WITHDRAW, Amount: 100
[2024-11-15T16:09:26.038505800] Account: 100-0.37842654610207016, Type: WITHDRAW, Amount: 100
[2024-11-15T16:09:26.039506100] Account: 100-0.37842654610207016, Type: WITHDRAW, Amount: 100
[2024-11-15T16:09:26.039506100] Account: 100-0.37842654610207016, Type: WITHDRAW, Amount: 100
[2024-11-15T16:09:26.040506500] Account: 100-0.37842654610207016, Type: WITHDRAW, Amount: 100
[2024-11-15T16:09:26.040506500] Account: 100-0.37842654610207016, Type: WITHDRAW, Amount: 100
[2024-11-15T16:11:13.079473400] Account: 100-0.9204956786787885, Type: TRANSFER_OUT, Amount: 100
[2024-11-15T16:11:13.084217300] Account: 2, Type: TRANSFER_IN, Amount: 100
[2024-11-15T16:11:13.084217300] Account: 2, Type: TRANSFER_IN, Amount: 100
[2024-11-15T16:11:13.125799600] Account: 100-0.9204956786787885, Type: WITHDRAW, Amount: 100
[2024-11-15T16:11:13.125799600] Account: 100-0.9204956786787885, Type: WITHDRAW, Amount: 100
[2024-11-15T16:11:13.125799600] Account: 100-0.9204956786787885, Type: WITHDRAW, Amount: 100
[2024-11-15T16:13:24.427970900] Account: 200-0.649807147050526, Type: TRANSFER_OUT, Amount: 130
[2024-11-15T16:13:24.428971] Account: 2, Type: TRANSFER_IN, Amount: 130
[2024-11-15T16:13:24.428971] Account: 2, Type: TRANSFER_IN, Amount: 130
[2024-11-15T16:13:24.477972500] Account: 200-0.649807147050526, Type: WITHDRAW, Amount: 130
[2024-11-15T16:13:24.477972500] Account: 200-0.649807147050526, Type: WITHDRAW, Amount: 130
[2024-11-15T16:13:24.477972500] Account: 200-0.649807147050526, Type: WITHDRAW, Amount: 130
[2024-11-15T16:41:16.614505600] Account: 100-0.7616523216060923, Type: TRANSFER_OUT, Amount: 122
[2024-11-15T16:41:16.617827600] Account: 3, Type: TRANSFER_IN, Amount: 122
[2024-11-15T16:41:16.617827600] Account: 3, Type: TRANSFER_IN, Amount: 122
[2024-11-15T16:42:42.414991900] Account: 100-0.12134168169713211, Type: TRANSFER_OUT, Amount: 10
[2024-11-15T16:42:43.460155200] Account: 3, Type: TRANSFER_IN, Amount: 10
[2024-11-15T16:42:43.460155200] Account: 3, Type: TRANSFER_IN, Amount: 10
[2024-11-15T16:42:44.236467700] Account: 100-0.12134168169713211, Type: WITHDRAW, Amount: 10
[2024-11-15T16:42:44.237054900] Account: 100-0.12134168169713211, Type: WITHDRAW, Amount: 10
[2024-11-15T16:42:44.237054900] Account: 100-0.12134168169713211, Type: WITHDRAW, Amount: 10
[2024-11-15T21:15:04.600919500] Account: 10-0.7950563880040373, Type: TRANSFER_OUT, Amount: 100
[2024-11-15T21:15:25.356561900] Account: 3, Type: TRANSFER_IN, Amount: 100
[2024-11-15T21:15:25.365262100] Account: 3, Type: TRANSFER_IN, Amount: 100
[2024-11-15T21:15:25.397010700] Account: 10-0.7950563880040373, Type: WITHDRAW, Amount: 100
[2024-11-15T21:15:25.397010700] Account: 10-0.7950563880040373, Type: WITHDRAW, Amount: 100
[2024-11-15T21:15:25.397010700] Account: 10-0.7950563880040373, Type: WITHDRAW, Amount: 100
[2024-11-15T21:56:59.655903600] Account: 100-0.18205577054089328, Type: TRANSFER_OUT, Amount: 100
[2024-11-15T21:57:00.179324800] Account: 2., Type: TRANSFER_IN, Amount: 100
[2024-11-15T21:57:00.179324800] Account: 2., Type: TRANSFER_IN, Amount: 100
[2024-11-15T21:57:01.072485800] Account: 100-0.18205577054089328, Type: WITHDRAW, Amount: 100
[2024-11-15T21:57:01.072485800] Account: 100-0.18205577054089328, Type: WITHDRAW, Amount: 100
[2024-11-15T21:57:01.072485800] Account: 100-0.18205577054089328, Type: WITHDRAW, Amount: 100
[2024-11-15T22:04:00.420836200] Account: 100-0.6523104025205656, Type: TRANSFER_OUT, Amount: 25
[2024-11-15T22:04:00.926190300] Account: 8, Type: TRANSFER_IN, Amount: 25
[2024-11-15T22:04:00.926190300] Account: 8, Type: TRANSFER_IN, Amount: 25
[2024-11-15T22:04:00.981587300] Account: 100-0.6523104025205656, Type: WITHDRAW, Amount: 25
[2024-11-15T22:04:00.981587300] Account: 100-0.6523104025205656, Type: WITHDRAW, Amount: 25
[2024-11-15T22:04:00.981587300] Account: 100-0.6523104025205656, Type: WITHDRAW, Amount: 25
[2024-11-15T22:13:02.097435200] Account: 100-0.44413624925611817, Type: WITHDRAW, Amount: 10
[2024-11-15T22:15:10.446153800] Account: 10-0.16714846518716386, Type: WITHDRAW, Amount: 25
[2024-11-15T22:28:29.265627600] Account: 200-0.9044339968726212, Type: TRANSFER_OUT, Amount: 14
[2024-11-15T22:28:34.198077600] Account: 25, Type: TRANSFER_IN, Amount: 14
[2024-11-15T22:28:34.198077600] Account: 25, Type: TRANSFER_IN, Amount: 14
[2024-11-15T22:28:34.263146800] Account: 200-0.9044339968726212, Type: WITHDRAW, Amount: 14
[2024-11-15T22:28:34.263146800] Account: 200-0.9044339968726212, Type: WITHDRAW, Amount: 14
[2024-11-15T22:28:34.263146800] Account: 200-0.9044339968726212, Type: WITHDRAW, Amount: 14
[2024-11-15T22:29:30.891771500] Account: 200-0.9044339968726212, Type: TRANSFER_OUT, Amount: 20
[2024-11-15T22:29:30.891771500] Account: 200-0.9044339968726212, Type: TRANSFER_OUT, Amount: 20
[2024-11-15T22:29:30.891771500] Account: 200-0.9044339968726212, Type: WITHDRAW, Amount: 20
[2024-11-15T22:29:30.891771500] Account: 200-0.9044339968726212, Type: TRANSFER_OUT, Amount: 20
[2024-11-15T22:29:30.891771500] Account: 200-0.9044339968726212, Type: WITHDRAW, Amount: 20
[2024-11-15T22:29:30.891771500] Account: 200-0.9044339968726212, Type: WITHDRAW, Amount: 20
[2024-11-15T22:29:30.891771500] Account: 200-0.9044339968726212, Type: WITHDRAW, Amount: 20
[2024-11-15T22:29:30.891771500] Account: 200-0.9044339968726212, Type: WITHDRAW, Amount: 20
[2024-11-15T22:32:02.063536400] Account: 10-0.7586373301549147, Type: WITHDRAW, Amount: 100
[2024-11-15T22:32:45.377216700] Account: 10-0.7586373301549147, Type: WITHDRAW, Amount: 48
[2024-11-15T22:32:45.377216700] Account: 10-0.7586373301549147, Type: WITHDRAW, Amount: 48
[2024-11-15T22:34:23.980792100] Account: 10-0.2992942336632678, Type: WITHDRAW, Amount: 500
[2024-11-15T22:36:48.461964500] Account: 100-0.4242076181273009, Type: WITHDRAW, Amount: 20
[2024-11-15T22:39:41.546989900] Account: 100-0.5579514054655087, Type: TRANSFER_OUT, Amount: 100
[2024-11-15T22:39:41.943204800] Account: 2, Type: TRANSFER_IN, Amount: 100
[2024-11-15T22:39:41.945202500] Account: 2, Type: TRANSFER_IN, Amount: 100
[2024-11-15T22:39:42.687975] Account: 100-0.5579514054655087, Type: WITHDRAW, Amount: 100
[2024-11-15T22:39:42.688976600] Account: 100-0.5579514054655087, Type: WITHDRAW, Amount: 100
[2024-11-15T22:39:42.688976600] Account: 100-0.5579514054655087, Type: WITHDRAW, Amount: 100
[2024-11-15T22:41:05.495682300] Account: 100-0.021444579930091967, Type: WITHDRAW, Amount: 144
[2024-11-15T22:46:35.826307800] Account: 100-0.9066199507356995, Type: WITHDRAW, Amount: 100
[2024-11-15T22:48:51.305271600] Account: 100-0.36254702047676046, Type: WITHDRAW, Amount: 100
[2024-11-15T22:48:57.690258800] Account: 100-0.36254702047676046, Type: DEPOSIT, Amount: 100
[2024-11-15T22:48:57.690258800] Account: 100-0.36254702047676046, Type: DEPOSIT, Amount: 100
[2024-11-15T22:49:01.475154500] Account: 100-0.36254702047676046, Type: TRANSFER_OUT, Amount: 100
[2024-11-15T22:49:01.478281700] Account: 100-0.36254702047676046, Type: TRANSFER_OUT, Amount: 100
[2024-11-15T22:49:01.478376800] Account: 100-0.36254702047676046, Type: TRANSFER_OUT, Amount: 100
[2024-11-15T22:49:01.891288800] Account: 1, Type: TRANSFER_IN, Amount: 100
[2024-11-15T22:49:01.894695400] Account: 1, Type: TRANSFER_IN, Amount: 100
[2024-11-15T22:49:01.894695400] Account: 1, Type: TRANSFER_IN, Amount: 100
[2024-11-15T22:49:01.896955600] Account: 1, Type: TRANSFER_IN, Amount: 100
[2024-11-15T22:49:46.670194200] Account: 100-0.36254702047676046, Type: WITHDRAW, Amount: 20
[2024-11-15T22:49:46.671659] Account: 100-0.36254702047676046, Type: WITHDRAW, Amount: 20
[2024-11-15T22:49:46.671659] Account: 100-0.36254702047676046, Type: WITHDRAW, Amount: 20
[2024-11-15T22:49:46.671659] Account: 100-0.36254702047676046, Type: WITHDRAW, Amount: 20
[2024-11-15T22:49:46.671659] Account: 100-0.36254702047676046, Type: WITHDRAW, Amount: 20
[2024-11-15T22:49:57.102179100] Account: 100-0.36254702047676046, Type: TRANSFER_OUT, Amount: 20
[2024-11-15T22:49:57.103881100] Account: 100-0.36254702047676046, Type: TRANSFER_OUT, Amount: 20
[2024-11-15T22:49:57.104153200] Account: 100-0.36254702047676046, Type: TRANSFER_OUT, Amount: 20
[2024-11-15T22:49:57.104153200] Account: 100-0.36254702047676046, Type: TRANSFER_OUT, Amount: 20
[2024-11-15T22:49:57.105644600] Account: 100-0.36254702047676046, Type: TRANSFER_OUT, Amount: 20
[2024-11-15T22:49:57.105644600] Account: 100-0.36254702047676046, Type: TRANSFER_OUT, Amount: 20
[2024-11-15T22:49:57.105644600] Account: 4, Type: TRANSFER_IN, Amount: 20
[2024-11-15T22:49:57.106295500] Account: 4, Type: TRANSFER_IN, Amount: 20
[2024-11-15T22:49:57.106295500] Account: 4, Type: TRANSFER_IN, Amount: 20
[2024-11-15T22:49:57.106987200] Account: 4, Type: TRANSFER_IN, Amount: 20
[2024-11-15T22:49:57.106987200] Account: 4, Type: TRANSFER_IN, Amount: 20
[2024-11-15T22:49:57.106987200] Account: 4, Type: TRANSFER_IN, Amount: 20
[2024-11-15T22:49:57.108846700] Account: 4, Type: TRANSFER_IN, Amount: 20
[2024-11-15T22:49:59.017788900] Account: 100-0.36254702047676046, Type: TRANSFER_OUT, Amount: 20
[2024-11-15T22:49:59.017788900] Account: 100-0.36254702047676046, Type: TRANSFER_OUT, Amount: 20
[2024-11-15T22:49:59.017788900] Account: 100-0.36254702047676046, Type: TRANSFER_OUT, Amount: 20
[2024-11-15T22:49:59.017788900] Account: 100-0.36254702047676046, Type: WITHDRAW, Amount: 20
[2024-11-15T22:49:59.018973300] Account: 100-0.36254702047676046, Type: WITHDRAW, Amount: 20
[2024-11-15T22:49:59.018973300] Account: 100-0.36254702047676046, Type: WITHDRAW, Amount: 20
[2024-11-15T22:50:00.738131] Account: 100-0.36254702047676046, Type: WITHDRAW, Amount: 20
[2024-11-15T22:50:00.738131] Account: 100-0.36254702047676046, Type: WITHDRAW, Amount: 20
[2024-11-15T22:50:00.738131] Account: 100-0.36254702047676046, Type: WITHDRAW, Amount: 20
[2024-11-15T22:50:00.738131] Account: 100-0.36254702047676046, Type: WITHDRAW, Amount: 20
[2024-11-15T22:50:00.738131] Account: 100-0.36254702047676046, Type: WITHDRAW, Amount: 20
[2024-11-15T22:50:00.738131] Account: 100-0.36254702047676046, Type: WITHDRAW, Amount: 20
[2024-11-15T22:50:01.523437300] Account: 100-0.36254702047676046, Type: TRANSFER_OUT, Amount: 20
[2024-11-15T22:50:01.523437300] Account: 100-0.36254702047676046, Type: TRANSFER_OUT, Amount: 20
[2024-11-15T22:50:01.523437300] Account: 100-0.36254702047676046, Type: TRANSFER_OUT, Amount: 20
[2024-11-15T22:50:01.523437300] Account: 100-0.36254702047676046, Type: TRANSFER_OUT, Amount: 20
[2024-11-15T22:50:01.523437300] Account: 100-0.36254702047676046, Type: TRANSFER_OUT, Amount: 20
[2024-11-15T22:50:01.523437300] Account: 100-0.36254702047676046, Type: TRANSFER_OUT, Amount: 20
[2024-11-15T22:50:01.523437300] Account: 100-0.36254702047676046, Type: TRANSFER_OUT, Amount: 20
[2024-11-15T22:50:01.523437300] Account: 100-0.36254702047676046, Type: TRANSFER_OUT, Amount: 20
[2024-11-15T22:50:01.523437300] Account: 100-0.36254702047676046, Type: TRANSFER_OUT, Amount: 20
[2024-11-15T22:50:01.523437300] Account: 100-0.36254702047676046, Type: TRANSFER_OUT, Amount: 20
[2024-11-15T22:50:01.539061600] Account: 4, Type: TRANSFER_IN, Amount: 20
[2024-11-15T22:50:01.539061600] Account: 4, Type: TRANSFER_IN, Amount: 20
[2024-11-15T22:50:01.540292] Account: 4, Type: TRANSFER_IN, Amount: 20
[2024-11-15T22:50:01.540292] Account: 4, Type: TRANSFER_IN, Amount: 20
[2024-11-15T22:50:01.540292] Account: 4, Type: TRANSFER_IN, Amount: 20
[2024-11-15T22:50:01.540292] Account: 4, Type: TRANSFER_IN, Amount: 20
[2024-11-15T22:50:01.541638700] Account: 100-0.36254702047676046, Type: DEPOSIT, Amount: 20
[2024-11-15T22:50:01.541638700] Account: 100-0.36254702047676046, Type: DEPOSIT, Amount: 20
[2024-11-15T22:50:02.119044300] Account: 100-0.36254702047676046, Type: DEPOSIT, Amount: 20
[2024-11-15T22:50:02.125736300] Account: 100-0.36254702047676046, Type: DEPOSIT, Amount: 20
[2024-11-15T22:50:02.125736300] Account: 100-0.36254702047676046, Type: DEPOSIT, Amount: 20
[2024-11-15T22:50:02.127137400] Account: 100-0.36254702047676046, Type: DEPOSIT, Amount: 20
[2024-11-15T22:50:02.127137400] Account: 100-0.36254702047676046, Type: DEPOSIT, Amount: 20
[2024-11-15T22:50:02.127137400] Account: 100-0.36254702047676046, Type: DEPOSIT, Amount: 20
[2024-11-15T22:50:02.127137400] Account: 100-0.36254702047676046, Type: DEPOSIT, Amount: 20
[2024-11-15T22:50:02.127137400] Account: 100-0.36254702047676046, Type: DEPOSIT, Amount: 20
[2024-11-15T22:50:02.127137400] Account: 100-0.36254702047676046, Type: DEPOSIT, Amount: 20
[2024-11-15T22:50:02.127137400] Account: 100-0.36254702047676046, Type: DEPOSIT, Amount: 20
[2024-11-15T22:50:02.127137400] Account: 100-0.36254702047676046, Type: TRANSFER_OUT, Amount: 20
[2024-11-15T22:50:02.130500700] Account: 100-0.36254702047676046, Type: TRANSFER_OUT, Amount: 20
[2024-11-15T22:50:02.130500700] Account: 100-0.36254702047676046, Type: TRANSFER_OUT, Amount: 20
[2024-11-15T22:50:02.130500700] Account: 100-0.36254702047676046, Type: TRANSFER_OUT, Amount: 20
[2024-11-15T22:50:04.231850500] Account: 100-0.36254702047676046, Type: TRANSFER_OUT, Amount: 20
[2024-11-15T22:50:04.231850500] Account: 100-0.36254702047676046, Type: TRANSFER_OUT, Amount: 20
[2024-11-15T22:50:04.231850500] Account: 100-0.36254702047676046, Type: TRANSFER_OUT, Amount: 20
[2024-11-15T22:50:04.231850500] Account: 100-0.36254702047676046, Type: TRANSFER_OUT, Amount: 20
[2024-11-15T22:50:04.231850500] Account: 100-0.36254702047676046, Type: TRANSFER_OUT, Amount: 20
[2024-11-15T22:50:04.231850500] Account: 100-0.36254702047676046, Type: TRANSFER_OUT, Amount: 20
[2024-11-15T22:50:04.231850500] Account: 100-0.36254702047676046, Type: TRANSFER_OUT, Amount: 20
[2024-11-15T22:50:04.238508800] Account: 100-0.36254702047676046, Type: TRANSFER_OUT, Amount: 20
[2024-11-15T22:50:04.238508800] Account: 100-0.36254702047676046, Type: TRANSFER_OUT, Amount: 20
[2024-11-15T22:50:04.238508800] Account: 4, Type: TRANSFER_IN, Amount: 20
[2024-11-15T22:50:04.238508800] Account: 4, Type: TRANSFER_IN, Amount: 20
[2024-11-15T22:50:04.238508800] Account: 4, Type: TRANSFER_IN, Amount: 20
[2024-11-15T22:50:04.238508800] Account: 4, Type: TRANSFER_IN, Amount: 20
[2024-11-15T22:50:04.238508800] Account: 4, Type: TRANSFER_IN, Amount: 20
[2024-11-15T22:50:04.238508800] Account: 4, Type: TRANSFER_IN, Amount: 20
[2024-11-15T22:50:04.238508800] Account: 4, Type: TRANSFER_IN, Amount: 20
[2024-11-15T22:50:04.238508800] Account: 4, Type: TRANSFER_IN, Amount: 20
[2024-11-15T22:50:04.238508800] Account: 4, Type: TRANSFER_IN, Amount: 20
[2024-11-15T22:50:04.238508800] Account: 4, Type: TRANSFER_IN, Amount: 20
[2024-11-15T22:50:04.238508800] Account: 4, Type: TRANSFER_IN, Amount: 20
[2024-11-15T22:50:04.238508800] Account: 4, Type: TRANSFER_IN, Amount: 20
[2024-11-15T22:50:04.238508800] Account: 4, Type: TRANSFER_IN, Amount: 20
[2024-11-15T22:50:04.238508800] Account: 4, Type: TRANSFER_IN, Amount: 20
[2024-11-15T22:50:10.971892400] Account: 100-0.36254702047676046, Type: DEPOSIT, Amount: 20
[2024-11-15T22:50:10.972549500] Account: 100-0.36254702047676046, Type: DEPOSIT, Amount: 20
[2024-11-15T22:50:10.972549500] Account: 100-0.36254702047676046, Type: DEPOSIT, Amount: 20
[2024-11-15T22:50:10.973555500] Account: 100-0.36254702047676046, Type: DEPOSIT, Amount: 20
[2024-11-15T22:50:10.974113800] Account: 100-0.36254702047676046, Type: DEPOSIT, Amount: 20
[2024-11-15T22:50:10.975036] Account: 100-0.36254702047676046, Type: DEPOSIT, Amount: 20
[2024-11-15T22:50:10.975036] Account: 100-0.36254702047676046, Type: DEPOSIT, Amount: 20
[2024-11-15T22:50:10.975036] Account: 100-0.36254702047676046, Type: DEPOSIT, Amount: 20
[2024-11-15T22:50:10.976363500] Account: 100-0.36254702047676046, Type: DEPOSIT, Amount: 20
[2024-11-15T22:50:10.976363500] Account: 100-0.36254702047676046, Type: DEPOSIT, Amount: 20
[2024-11-15T22:50:10.977426300] Account: 100-0.36254702047676046, Type: DEPOSIT, Amount: 20
[2024-11-15T22:50:10.977426300] Account: 100-0.36254702047676046, Type: DEPOSIT, Amount: 20
[2024-11-15T22:50:10.978506100] Account: 100-0.36254702047676046, Type: DEPOSIT, Amount: 20
[2024-11-15T22:50:10.978506100] Account: 100-0.36254702047676046, Type: DEPOSIT, Amount: 20
[2024-11-15T22:50:10.979541] Account: 100-0.36254702047676046, Type: DEPOSIT, Amount: 20
[2024-11-15T22:50:12.924801400] Account: 100-0.36254702047676046, Type: TRANSFER_OUT, Amount: 20
[2024-11-15T22:50:12.924801400] Account: 100-0.36254702047676046, Type: TRANSFER_OUT, Amount: 20
[2024-11-15T22:50:12.924801400] Account: 100-0.36254702047676046, Type: TRANSFER_OUT, Amount: 20
[2024-11-15T22:50:12.924801400] Account: 100-0.36254702047676046, Type: TRANSFER_OUT, Amount: 20
[2024-11-15T22:50:12.924801400] Account: 100-0.36254702047676046, Type: TRANSFER_OUT, Amount: 20
[2024-11-15T22:50:12.924801400] Account: 100-0.36254702047676046, Type: TRANSFER_OUT, Amount: 20
[2024-11-15T22:50:12.924801400] Account: 100-0.36254702047676046, Type: TRANSFER_OUT, Amount: 20
[2024-11-15T22:50:12.924801400] Account: 100-0.36254702047676046, Type: TRANSFER_OUT, Amount: 20
[2024-11-15T22:50:12.924801400] Account: 100-0.36254702047676046, Type: TRANSFER_OUT, Amount: 20
[2024-11-15T22:50:12.924801400] Account: 100-0.36254702047676046, Type: TRANSFER_OUT, Amount: 20
[2024-11-15T22:50:12.924801400] Account: 100-0.36254702047676046, Type: TRANSFER_OUT, Amount: 20
[2024-11-15T22:50:12.928397100] Account: 100-0.36254702047676046, Type: TRANSFER_OUT, Amount: 20
[2024-11-15T22:50:12.928397100] Account: 100-0.36254702047676046, Type: TRANSFER_OUT, Amount: 20
[2024-11-15T22:50:12.928397100] Account: 100-0.36254702047676046, Type: TRANSFER_OUT, Amount: 20
[2024-11-15T22:50:12.928397100] Account: 100-0.36254702047676046, Type: TRANSFER_OUT, Amount: 20
[2024-11-15T22:50:12.928397100] Account: 100-0.36254702047676046, Type: TRANSFER_OUT, Amount: 20
[2024-11-15T22:50:12.928397100] Account: 4, Type: TRANSFER_IN, Amount: 20
[2024-11-15T22:50:12.928397100] Account: 4, Type: TRANSFER_IN, Amount: 20
[2024-11-15T22:50:12.928397100] Account: 4, Type: TRANSFER_IN, Amount: 20
[2024-11-15T22:50:12.928397100] Account: 4, Type: TRANSFER_IN, Amount: 20
[2024-11-15T22:50:12.928397100] Account: 4, Type: TRANSFER_IN, Amount: 20
[2024-11-15T22:50:12.928397100] Account: 4, Type: TRANSFER_IN, Amount: 20
[2024-11-15T22:50:12.928397100] Account: 4, Type: TRANSFER_IN, Amount: 20
[2024-11-15T22:50:12.928397100] Account: 4, Type: TRANSFER_IN, Amount: 20
[2024-11-15T22:50:12.928397100] Account: 4, Type: TRANSFER_IN, Amount: 20
[2024-11-15T22:50:12.928397100] Account: 4, Type: TRANSFER_IN, Amount: 20
[2024-11-15T22:50:12.928397100] Account: 4, Type: TRANSFER_IN, Amount: 20
[2024-11-15T22:50:12.928397100] Account: 4, Type: TRANSFER_IN, Amount: 20
[2024-11-15T22:50:12.928397100] Account: 4, Type: TRANSFER_IN, Amount: 20
[2024-11-15T22:50:12.928397100] Account: 4, Type: TRANSFER_IN, Amount: 20
[2024-11-15T22:50:12.928397100] Account: 4, Type: TRANSFER_IN, Amount: 20
[2024-11-15T22:50:12.928397100] Account: 4, Type: TRANSFER_IN, Amount: 20
[2024-11-15T22:50:12.928397100] Account: 4, Type: TRANSFER_IN, Amount: 20
[2024-11-15T22:50:22.422984300] Account: 100-0.36254702047676046, Type: WITHDRAW, Amount: 12
[2024-11-15T22:50:22.422984300] Account: 100-0.36254702047676046, Type: WITHDRAW, Amount: 12
[2024-11-15T22:50:22.422984300] Account: 100-0.36254702047676046, Type: WITHDRAW, Amount: 12
[2024-11-15T22:50:22.422984300] Account: 100-0.36254702047676046, Type: WITHDRAW, Amount: 12
[2024-11-15T22:50:22.422984300] Account: 100-0.36254702047676046, Type: WITHDRAW, Amount: 12
[2024-11-15T22:50:22.422984300] Account: 100-0.36254702047676046, Type: WITHDRAW, Amount: 12
[2024-11-15T22:50:22.422984300] Account: 100-0.36254702047676046, Type: WITHDRAW, Amount: 12
[2024-11-15T22:50:22.422984300] Account: 100-0.36254702047676046, Type: WITHDRAW, Amount: 12
[2024-11-15T22:50:22.422984300] Account: 100-0.36254702047676046, Type: WITHDRAW, Amount: 12
[2024-11-15T22:50:22.422984300] Account: 100-0.36254702047676046, Type: WITHDRAW, Amount: 12
[2024-11-15T22:50:22.422984300] Account: 100-0.36254702047676046, Type: WITHDRAW, Amount: 12
[2024-11-15T22:50:22.422984300] Account: 100-0.36254702047676046, Type: WITHDRAW, Amount: 12
[2024-11-15T22:50:22.422984300] Account: 100-0.36254702047676046, Type: WITHDRAW, Amount: 12
[2024-11-15T22:50:22.422984300] Account: 100-0.36254702047676046, Type: WITHDRAW, Amount: 12
[2024-11-15T22:50:22.422984300] Account: 100-0.36254702047676046, Type: WITHDRAW, Amount: 12
[2024-11-15T22:50:22.422984300] Account: 100-0.36254702047676046, Type: WITHDRAW, Amount: 12
[2024-11-15T22:50:22.422984300] Account: 100-0.36254702047676046, Type: WITHDRAW, Amount: 12
[2024-11-15T22:50:22.422984300] Account: 100-0.36254702047676046, Type: WITHDRAW, Amount: 12
[2024-11-15T22:50:30.373347900] Account: 100-0.36254702047676046, Type: DEPOSIT, Amount: 12
[2024-11-15T22:50:30.373347900] Account: 100-0.36254702047676046, Type: DEPOSIT, Amount: 12
[2024-11-15T22:50:30.373347900] Account: 100-0.36254702047676046, Type: DEPOSIT, Amount: 12
[2024-11-15T22:50:30.373347900] Account: 100-0.36254702047676046, Type: DEPOSIT, Amount: 12
[2024-11-15T22:50:30.373347900] Account: 100-0.36254702047676046, Type: DEPOSIT, Amount: 12
[2024-11-15T22:50:30.373347900] Account: 100-0.36254702047676046, Type: DEPOSIT, Amount: 12
[2024-11-15T22:50:30.373347900] Account: 100-0.36254702047676046, Type: DEPOSIT, Amount: 12
[2024-11-15T22:50:30.373347900] Account: 100-0.36254702047676046, Type: DEPOSIT, Amount: 12
[2024-11-15T22:50:30.373347900] Account: 100-0.36254702047676046, Type: DEPOSIT, Amount: 12
[2024-11-15T22:50:30.373347900] Account: 100-0.36254702047676046, Type: DEPOSIT, Amount: 12
[2024-11-15T22:50:30.373347900] Account: 100-0.36254702047676046, Type: DEPOSIT, Amount: 12
[2024-11-15T22:50:30.373347900] Account: 100-0.36254702047676046, Type: DEPOSIT, Amount: 12
[2024-11-15T22:50:30.373347900] Account: 100-0.36254702047676046, Type: DEPOSIT, Amount: 12
[2024-11-15T22:50:30.373347900] Account: 100-0.36254702047676046, Type: DEPOSIT, Amount: 12
[2024-11-15T22:50:30.388971100] Account: 100-0.36254702047676046, Type: DEPOSIT, Amount: 12
[2024-11-15T22:50:30.388971100] Account: 100-0.36254702047676046, Type: DEPOSIT, Amount: 12
[2024-11-15T22:50:30.388971100] Account: 100-0.36254702047676046, Type: DEPOSIT, Amount: 12
[2024-11-15T22:50:30.388971100] Account: 100-0.36254702047676046, Type: DEPOSIT, Amount: 12
[2024-11-15T22:50:30.388971100] Account: 100-0.36254702047676046, Type: DEPOSIT, Amount: 12
[2024-11-15T22:50:31.559412200] Account: 100-0.36254702047676046, Type: TRANSFER_OUT, Amount: 12
[2024-11-15T22:50:31.559412200] Account: 100-0.36254702047676046, Type: TRANSFER_OUT, Amount: 12
[2024-11-15T22:50:31.559412200] Account: 100-0.36254702047676046, Type: TRANSFER_OUT, Amount: 12
[2024-11-15T22:50:31.559412200] Account: 100-0.36254702047676046, Type: TRANSFER_OUT, Amount: 12
[2024-11-15T22:50:31.559412200] Account: 100-0.36254702047676046, Type: TRANSFER_OUT, Amount: 12
[2024-11-15T22:50:31.559412200] Account: 100-0.36254702047676046, Type: TRANSFER_OUT, Amount: 12
[2024-11-15T22:50:31.559412200] Account: 100-0.36254702047676046, Type: TRANSFER_OUT, Amount: 12
[2024-11-15T22:50:31.559412200] Account: 100-0.36254702047676046, Type: TRANSFER_OUT, Amount: 12
[2024-11-15T22:50:31.559412200] Account: 100-0.36254702047676046, Type: TRANSFER_OUT, Amount: 12
[2024-11-15T22:50:31.559412200] Account: 100-0.36254702047676046, Type: TRANSFER_OUT, Amount: 12
[2024-11-15T22:50:31.559412200] Account: 100-0.36254702047676046, Type: TRANSFER_OUT, Amount: 12
[2024-11-15T22:50:31.559412200] Account: 100-0.36254702047676046, Type: TRANSFER_OUT, Amount: 12
[2024-11-15T22:50:31.559412200] Account: 100-0.36254702047676046, Type: TRANSFER_OUT, Amount: 12
[2024-11-15T22:50:31.559412200] Account: 100-0.36254702047676046, Type: TRANSFER_OUT, Amount: 12
[2024-11-15T22:50:31.559412200] Account: 100-0.36254702047676046, Type: TRANSFER_OUT, Amount: 12
[2024-11-15T22:50:31.559412200] Account: 100-0.36254702047676046, Type: TRANSFER_OUT, Amount: 12
[2024-11-15T22:50:31.559412200] Account: 100-0.36254702047676046, Type: TRANSFER_OUT, Amount: 12
[2024-11-15T22:50:31.559412200] Account: 100-0.36254702047676046, Type: TRANSFER_OUT, Amount: 12
[2024-11-15T22:50:31.559412200] Account: 100-0.36254702047676046, Type: TRANSFER_OUT, Amount: 12
[2024-11-15T22:50:31.559412200] Account: 100-0.36254702047676046, Type: TRANSFER_OUT, Amount: 12
[2024-11-15T22:50:31.559412200] Account: 4, Type: TRANSFER_IN, Amount: 12
[2024-11-15T22:50:31.559412200] Account: 4, Type: TRANSFER_IN, Amount: 12
[2024-11-15T22:50:31.559412200] Account: 4, Type: TRANSFER_IN, Amount: 12
[2024-11-15T22:50:31.559412200] Account: 4, Type: TRANSFER_IN, Amount: 12
[2024-11-15T22:50:31.559412200] Account: 4, Type: TRANSFER_IN, Amount: 12
[2024-11-15T22:50:31.559412200] Account: 4, Type: TRANSFER_IN, Amount: 12
[2024-11-15T22:50:31.559412200] Account: 4, Type: TRANSFER_IN, Amount: 12
[2024-11-15T22:50:31.559412200] Account: 4, Type: TRANSFER_IN, Amount: 12
[2024-11-15T22:50:31.559412200] Account: 4, Type: TRANSFER_IN, Amount: 12
[2024-11-15T22:50:31.559412200] Account: 4, Type: TRANSFER_IN, Amount: 12
[2024-11-15T22:50:31.559412200] Account: 4, Type: TRANSFER_IN, Amount: 12
[2024-11-15T22:50:31.559412200] Account: 4, Type: TRANSFER_IN, Amount: 12
[2024-11-15T22:50:31.559412200] Account: 4, Type: TRANSFER_IN, Amount: 12
[2024-11-15T22:50:31.559412200] Account: 4, Type: TRANSFER_IN, Amount: 12
[2024-11-15T22:50:31.559412200] Account: 4, Type: TRANSFER_IN, Amount: 12
[2024-11-15T22:50:31.559412200] Account: 4, Type: TRANSFER_IN, Amount: 12
[2024-11-15T22:50:31.559412200] Account: 4, Type: TRANSFER_IN, Amount: 12
[2024-11-15T22:50:31.559412200] Account: 4, Type: TRANSFER_IN, Amount: 12
[2024-11-15T22:50:31.559412200] Account: 4, Type: TRANSFER_IN, Amount: 12
[2024-11-15T22:50:31.559412200] Account: 4, Type: TRANSFER_IN, Amount: 12
[2024-11-15T22:50:31.559412200] Account: 4, Type: TRANSFER_IN, Amount: 12
[2024-11-15T22:51:38.431134400] Account: 10-0.07260219750558583, Type: WITHDRAW, Amount: 10
[2024-11-15T22:58:31.834380900] Account: 200-0.7139967489191711, Type: WITHDRAW, Amount: 10
[2024-11-15T22:58:31.834380900] Account: 200-0.7139967489191711, Type: WITHDRAW, Amount: 10
[2024-11-15T22:58:31.879544] Account: 10-0.07260219750558583, Type: DEPOSIT, Amount: 10
[2024-11-15T22:58:31.879544] Account: 10-0.07260219750558583, Type: DEPOSIT, Amount: 10
[2024-11-15T22:58:31.879544] Account: 10-0.07260219750558583, Type: DEPOSIT, Amount: 10
[2024-11-15T22:58:32.414578900] Account: 200-0.7139967489191711, Type: TRANSFER_OUT, Amount: 10
[2024-11-15T22:58:32.414578900] Account: 200-0.7139967489191711, Type: TRANSFER_OUT, Amount: 10
[2024-11-15T22:58:32.414578900] Account: 200-0.7139967489191711, Type: TRANSFER_OUT, Amount: 10
[2024-11-15T22:58:32.414578900] Account: 200-0.7139967489191711, Type: TRANSFER_OUT, Amount: 10
[2024-11-15T22:58:35.568238400] Account: 10-0.07260219750558583, Type: TRANSFER_IN, Amount: 10
[2024-11-15T22:58:35.568238400] Account: 10-0.07260219750558583, Type: TRANSFER_IN, Amount: 10
[2024-11-15T22:58:35.568238400] Account: 10-0.07260219750558583, Type: TRANSFER_IN, Amount: 10
[2024-11-15T22:58:35.568238400] Account: 10-0.07260219750558583, Type: TRANSFER_IN, Amount: 10
[2024-11-15T22:58:35.568238400] Account: 10-0.07260219750558583, Type: TRANSFER_IN, Amount: 10
[2024-11-15T23:07:17.636222700] Account: 10-0.05106526809322831, Type: WITHDRAW, Amount: 25
[2024-11-15T23:07:17.655651900] Account: 400-0.578830034905311, Type: DEPOSIT, Amount: 25
[2024-11-15T23:07:17.655651900] Account: 400-0.578830034905311, Type: DEPOSIT, Amount: 25
[2024-11-15T23:08:02.534163400] Account: 10-0.05106526809322831, Type: TRANSFER_OUT, Amount: 25
[2024-11-15T23:08:02.534163400] Account: 10-0.05106526809322831, Type: TRANSFER_OUT, Amount: 25
[2024-11-15T23:08:02.534163400] Account: 10-0.05106526809322831, Type: TRANSFER_OUT, Amount: 25
[2024-11-15T23:08:03.876810500] Account: 400-0.578830034905311, Type: TRANSFER_IN, Amount: 25
[2024-11-15T23:08:03.880187200] Account: 400-0.578830034905311, Type: TRANSFER_IN, Amount: 25
[2024-11-15T23:08:03.880187200] Account: 400-0.578830034905311, Type: TRANSFER_IN, Amount: 25
[2024-11-15T23:08:03.880187200] Account: 400-0.578830034905311, Type: TRANSFER_IN, Amount: 25
[2024-11-15T23:08:41.804541500] Account: 110-0.6851050606642574, Type: DEPOSIT, Amount: 23
[2024-11-15T23:11:10.948292500] Account: 100-0.9205606517392597, Type: WITHDRAW, Amount: 10
[2024-11-15T23:11:13.324673100] Account: 200-0.9335928667439739, Type: DEPOSIT, Amount: 10
[2024-11-15T23:11:13.325677] Account: 200-0.9335928667439739, Type: DEPOSIT, Amount: 10
[2024-11-15T23:11:21.536376500] Account: 100-0.9205606517392597, Type: TRANSFER_OUT, Amount: 10
[2024-11-15T23:11:21.537377900] Account: 100-0.9205606517392597, Type: TRANSFER_OUT, Amount: 10
[2024-11-15T23:11:21.537377900] Account: 100-0.9205606517392597, Type: TRANSFER_OUT, Amount: 10
[2024-11-15T23:11:22.633033300] Account: 200-0.9335928667439739, Type: TRANSFER_IN, Amount: 10
[2024-11-15T23:11:22.634033100] Account: 200-0.9335928667439739, Type: TRANSFER_IN, Amount: 10
[2024-11-15T23:11:22.634033100] Account: 200-0.9335928667439739, Type: TRANSFER_IN, Amount: 10
[2024-11-15T23:11:22.634033100] Account: 200-0.9335928667439739, Type: TRANSFER_IN, Amount: 10
[2024-11-15T23:17:49.409109400] Account: 300-0.5891698010626434, Type: WITHDRAW, Amount: 100
[2024-11-15T23:17:51.949801900] Account: 100-0.6028633268908721, Type: DEPOSIT, Amount: 100
[2024-11-15T23:17:51.949801900] Account: 100-0.6028633268908721, Type: DEPOSIT, Amount: 100
[2024-11-15T23:17:52.608237200] Account: 300-0.5891698010626434, Type: TRANSFER_OUT, Amount: 100
[2024-11-15T23:17:52.608237200] Account: 300-0.5891698010626434, Type: TRANSFER_OUT, Amount: 100
[2024-11-15T23:17:52.608237200] Account: 300-0.5891698010626434, Type: TRANSFER_OUT, Amount: 100
[2024-11-15T23:17:53.148979500] Account: 100-0.6028633268908721, Type: TRANSFER_IN, Amount: 100
[2024-11-15T23:17:53.148979500] Account: 100-0.6028633268908721, Type: TRANSFER_IN, Amount: 100
[2024-11-15T23:17:53.148979500] Account: 100-0.6028633268908721, Type: TRANSFER_IN, Amount: 100
[2024-11-15T23:17:53.148979500] Account: 100-0.6028633268908721, Type: TRANSFER_IN, Amount: 100
[2024-11-15T23:20:16.278221] Account: 300-0.1611064715198992, Type: WITHDRAW, Amount: 100
[2024-11-15T23:20:18.497950] Account: 400-0.379692744212934, Type: DEPOSIT, Amount: 100
[2024-11-15T23:20:18.497950] Account: 400-0.379692744212934, Type: DEPOSIT, Amount: 100
[2024-11-15T23:20:19.189256900] Account: 300-0.1611064715198992, Type: TRANSFER_OUT, Amount: 100
[2024-11-15T23:20:19.190257300] Account: 300-0.1611064715198992, Type: TRANSFER_OUT, Amount: 100
[2024-11-15T23:20:19.190257300] Account: 300-0.1611064715198992, Type: TRANSFER_OUT, Amount: 100
[2024-11-15T23:20:33.155497200] Account: 400-0.379692744212934, Type: TRANSFER_IN, Amount: 100
[2024-11-15T23:20:33.155497200] Account: 400-0.379692744212934, Type: TRANSFER_IN, Amount: 100
[2024-11-15T23:20:33.156495900] Account: 400-0.379692744212934, Type: TRANSFER_IN, Amount: 100
[2024-11-15T23:20:33.156495900] Account: 400-0.379692744212934, Type: TRANSFER_IN, Amount: 100
[2024-11-15T23:22:30.659044100] Account: 300-0.9992955527191049, Type: WITHDRAW, Amount: 100
[2024-11-15T23:22:35.719437700] Account: 400-0.38243121144586456, Type: DEPOSIT, Amount: 100
[2024-11-15T23:22:35.720436900] Account: 400-0.38243121144586456, Type: DEPOSIT, Amount: 100
[2024-11-15T23:22:51.127569800] Account: 300-0.9992955527191049, Type: TRANSFER_OUT, Amount: 100
[2024-11-15T23:22:51.127569800] Account: 300-0.9992955527191049, Type: TRANSFER_OUT, Amount: 100
[2024-11-15T23:22:51.127569800] Account: 300-0.9992955527191049, Type: TRANSFER_OUT, Amount: 100
[2024-11-15T23:22:51.961052600] Account: 400-0.38243121144586456, Type: TRANSFER_IN, Amount: 100
[2024-11-15T23:22:51.961052600] Account: 400-0.38243121144586456, Type: TRANSFER_IN, Amount: 100
[2024-11-15T23:22:51.961052600] Account: 400-0.38243121144586456, Type: TRANSFER_IN, Amount: 100
[2024-11-15T23:22:51.961052600] Account: 400-0.38243121144586456, Type: TRANSFER_IN, Amount: 100
[2024-11-15T23:24:06.299735200] Account: 200-0.3774408410119363, Type: WITHDRAW, Amount: 100
[2024-11-15T23:24:08.804019600] Account: 100-0.16704593980710214, Type: DEPOSIT, Amount: 100
[2024-11-15T23:24:09.491187400] Account: 200-0.3774408410119363, Type: TRANSFER_OUT, Amount: 100
[2024-11-15T23:24:09.994592900] Account: 100-0.16704593980710214, Type: TRANSFER_IN, Amount: 100
[2024-11-16T09:59:35.722716500] Account: 100-0.8997925887239454, Type: WITHDRAW, Amount: 10
[2024-11-16T09:59:40.062530100] Account: 100-0.8997925887239454, Type: DEPOSIT, Amount: 10
